<?xml version="1.0" encoding="UTF-8"?>
<testsuites name="Making Appointment TestSuite" time="25.965" tests="5" failures="0" errors="0">
   <testsuite name="Making Appointment TestSuite" tests="5" failures="0" errors="0" time="25.965" skipped="0" timestamp="2021-06-15 20:57:10" hostname="srivatsa - localhost" id="Test Suites/Cure Healthcare Service/Making Appointment TestSuite">
      <properties>
         <property name="deviceName" value=""/>
         <property name="devicePlatform" value=""/>
         <property name="logFolder" value="/Users/srivatsa/Katalon Studio/DEMOABLE PROJECTs/WebUIApiInternalDemo/Reports/20210615_205705/Cure Healthcare Service/Making Appointment TestSuite/20210615_205705"/>
         <property name="logFiles" value="/Users/srivatsa/Katalon Studio/DEMOABLE PROJECTs/WebUIApiInternalDemo/Reports/20210615_205705/Cure Healthcare Service/Making Appointment TestSuite/20210615_205705/execution0.log"/>
         <property name="attachments" value=""/>
         <property name="hostName" value="srivatsa - localhost"/>
         <property name="os" value="Mac OS X 64bit"/>
         <property name="katalonVersion" value="8.0.5.208"/>
         <property name="browser" value="Chrome 91.0.4472.101"/>
         <property name="hostAddress" value="127.0.0.1"/>
         <property name="sessionId" value="b6fcc615e68da63083da13d03d6d56c4"/>
         <property name="seleniumVersion" value="3.141.59"/>
         <property name="proxyInformation" value="ProxyInformation { proxyOption=NO_PROXY, proxyServerType=HTTP, username=, password=********, proxyServerAddress=, proxyServerPort=0, executionList=&quot;&quot;, isApplyToDesiredCapabilities=true }"/>
         <property name="platform" value="Mac OS X"/>
      </properties>
      <testcase name="Test Cases/Web Test Cases/CURA Healthcare Service/Appointment/Open Browser" time="5.807" classname="Test Cases/Web Test Cases/CURA Healthcare Service/Appointment/Open Browser" status="PASSED">
         <system-out><![CDATA[2021-06-15 20:57:18 - [TEST_CASE][PASSED] - Test Cases/Web Test Cases/CURA Healthcare Service/Appointment/Open Browser: Test Cases/Web Test Cases/CURA Healthcare Service/Appointment/Open Browser

2021-06-15 20:57:18 - [TEST_STEP][PASSED] - Start listener action : sampleBeforeTestCase: null

2021-06-15 20:57:18 - [TEST_STEP][PASSED] - println(testCaseContext.getTestCaseId()): null

2021-06-15 20:57:18 - [TEST_STEP][PASSED] - println(testCaseContext.getTestCaseVariables()): null

2021-06-15 20:57:18 - [TEST_STEP][PASSED] - println("Test Case Status Before Run : " + TESTCASE_STATUS): null

2021-06-15 20:57:19 - [TEST_STEP][PASSED] - openBrowser(URL): Browser is opened with url: 'https://katalon-demo-cura.herokuapp.com'

2021-06-15 20:57:19 - [MESSAGE][WARNING] - A browser is already opened. Closing browser and opening a new one

2021-06-15 20:57:19 - [MESSAGE][INFO] - Starting 'Chrome' driver

2021-06-15 20:57:19 - [MESSAGE][INFO] - Action delay is set to 0 milliseconds

2021-06-15 20:57:24 - [MESSAGE][PASSED] - Browser is opened with url: 'https://katalon-demo-cura.herokuapp.com'

2021-06-15 20:57:24 - [TEST_STEP][PASSED] - maximizeWindow(): Current window maximized

2021-06-15 20:57:24 - [MESSAGE][PASSED] - Current window maximized

2021-06-15 20:57:24 - [TEST_STEP][PASSED] - strTitle = getWindowTitle(): Current window's title is: 'CURA Healthcare Service'

2021-06-15 20:57:24 - [MESSAGE][PASSED] - Current window's title is: 'CURA Healthcare Service'

2021-06-15 20:57:24 - [TEST_STEP][PASSED] - verifyMatch(strTitle, "CURA Healthcare Service", false): Actual text 'CURA Healthcare Service' and expected text 'CURA Healthcare Service' are matched 

2021-06-15 20:57:24 - [MESSAGE][PASSED] - Actual text 'CURA Healthcare Service' and expected text 'CURA Healthcare Service' are matched 

2021-06-15 20:57:24 - [TEST_STEP][PASSED] - Start listener action : sampleAfterTestCase: null

2021-06-15 20:57:24 - [TEST_STEP][PASSED] - println(testCaseContext.getTestCaseId()): null

2021-06-15 20:57:24 - [TEST_STEP][PASSED] - println("Test Case Status After Run :" + testCaseContext.getTestCaseStatus()): null

2021-06-15 20:57:24 - [TEST_STEP][PASSED] - if (testCaseStatus == "FAILED"): null]]></system-out>
         <system-err><![CDATA[]]></system-err>
      </testcase>
      <testcase name="Test Cases/Web Test Cases/CURA Healthcare Service/Appointment/Click on Login Link" time="2.241" classname="Test Cases/Web Test Cases/CURA Healthcare Service/Appointment/Click on Login Link" status="PASSED">
         <system-out><![CDATA[2021-06-15 20:57:24 - [TEST_CASE][PASSED] - Test Cases/Web Test Cases/CURA Healthcare Service/Appointment/Click on Login Link: Test Cases/Web Test Cases/CURA Healthcare Service/Appointment/Click on Login Link

2021-06-15 20:57:24 - [TEST_STEP][PASSED] - Start listener action : sampleBeforeTestCase: null

2021-06-15 20:57:24 - [TEST_STEP][PASSED] - println(testCaseContext.getTestCaseId()): null

2021-06-15 20:57:24 - [TEST_STEP][PASSED] - println(testCaseContext.getTestCaseVariables()): null

2021-06-15 20:57:24 - [TEST_STEP][PASSED] - println("Test Case Status Before Run : " + TESTCASE_STATUS): null

2021-06-15 20:57:24 - [TEST_STEP][PASSED] - click(findTestObject("Web Object Repository/CURA Healthcare Service/Home Page/menu-toggle")): Object: 'Object Repository/Web Object Repository/CURA Healthcare Service/Home Page/menu-toggle' is clicked on

2021-06-15 20:57:25 - [MESSAGE][PASSED] - Object: 'Object Repository/Web Object Repository/CURA Healthcare Service/Home Page/menu-toggle' is clicked on

2021-06-15 20:57:25 - [TEST_STEP][PASSED] - click(findTestObject("Web Object Repository/CURA Healthcare Service/Home Page/Login link")): Object: 'Object Repository/Web Object Repository/CURA Healthcare Service/Home Page/Login link' is clicked on

2021-06-15 20:57:26 - [MESSAGE][PASSED] - Object: 'Object Repository/Web Object Repository/CURA Healthcare Service/Home Page/Login link' is clicked on

2021-06-15 20:57:26 - [TEST_STEP][PASSED] - verifyElementText(findTestObject("Web Object Repository/CURA Healthcare Service/Login Page/Please login to make appointment"), "Please login to make appointment."): Actual text and expected text of test object 'Object Repository/Web Object Repository/CURA Healthcare Service/Login Page/Please login to make appointment' are matched.

2021-06-15 20:57:26 - [MESSAGE][PASSED] - Actual text and expected text of test object 'Object Repository/Web Object Repository/CURA Healthcare Service/Login Page/Please login to make appointment' are matched.

2021-06-15 20:57:26 - [TEST_STEP][PASSED] - Start listener action : sampleAfterTestCase: null

2021-06-15 20:57:26 - [TEST_STEP][PASSED] - println(testCaseContext.getTestCaseId()): null

2021-06-15 20:57:26 - [TEST_STEP][PASSED] - println("Test Case Status After Run :" + testCaseContext.getTestCaseStatus()): null

2021-06-15 20:57:26 - [TEST_STEP][PASSED] - if (testCaseStatus == "FAILED"): null]]></system-out>
         <system-err><![CDATA[]]></system-err>
      </testcase>
      <testcase name="Test Cases/Web Test Cases/CURA Healthcare Service/Appointment/Login Application" time="2.836" classname="Test Cases/Web Test Cases/CURA Healthcare Service/Appointment/Login Application" status="PASSED">
         <system-out><![CDATA[2021-06-15 20:57:26 - [TEST_CASE][PASSED] - Test Cases/Web Test Cases/CURA Healthcare Service/Appointment/Login Application: Test Cases/Web Test Cases/CURA Healthcare Service/Appointment/Login Application

2021-06-15 20:57:27 - [TEST_STEP][PASSED] - Start listener action : sampleBeforeTestCase: null

2021-06-15 20:57:27 - [TEST_STEP][PASSED] - println(testCaseContext.getTestCaseId()): null

2021-06-15 20:57:27 - [TEST_STEP][PASSED] - println(testCaseContext.getTestCaseVariables()): null

2021-06-15 20:57:27 - [TEST_STEP][PASSED] - println("Test Case Status Before Run : " + TESTCASE_STATUS): null

2021-06-15 20:57:27 - [TEST_STEP][PASSED] - sendKeys(findTestObject("Web Object Repository/CURA Healthcare Service/Login Page/input_Username"), username): Keys 'John Doe' sent to object: 'Object Repository/Web Object Repository/CURA Healthcare Service/Login Page/input_Username'

2021-06-15 20:57:27 - [MESSAGE][PASSED] - Keys 'John Doe' sent to object: 'Object Repository/Web Object Repository/CURA Healthcare Service/Login Page/input_Username'

2021-06-15 20:57:27 - [TEST_STEP][PASSED] - sendKeys(findTestObject("Web Object Repository/CURA Healthcare Service/Login Page/input_Password"), password): Keys 'ThisIsNotAPassword' sent to object: 'Object Repository/Web Object Repository/CURA Healthcare Service/Login Page/input_Password'

2021-06-15 20:57:28 - [MESSAGE][PASSED] - Keys 'ThisIsNotAPassword' sent to object: 'Object Repository/Web Object Repository/CURA Healthcare Service/Login Page/input_Password'

2021-06-15 20:57:28 - [TEST_STEP][PASSED] - click(findTestObject("Web Object Repository/CURA Healthcare Service/Login Page/button_Login")): Object: 'Object Repository/Web Object Repository/CURA Healthcare Service/Login Page/button_Login' is clicked on

2021-06-15 20:57:29 - [MESSAGE][PASSED] - Object: 'Object Repository/Web Object Repository/CURA Healthcare Service/Login Page/button_Login' is clicked on

2021-06-15 20:57:29 - [TEST_STEP][PASSED] - verifyElementText(findTestObject("Web Object Repository/CURA Healthcare Service/Appointment Page/Make Appointment"), "Make Appointment"): Actual text and expected text of test object 'Object Repository/Web Object Repository/CURA Healthcare Service/Appointment Page/Make Appointment' are matched.

2021-06-15 20:57:29 - [MESSAGE][PASSED] - Actual text and expected text of test object 'Object Repository/Web Object Repository/CURA Healthcare Service/Appointment Page/Make Appointment' are matched.

2021-06-15 20:57:29 - [TEST_STEP][PASSED] - Start listener action : sampleAfterTestCase: null

2021-06-15 20:57:29 - [TEST_STEP][PASSED] - println(testCaseContext.getTestCaseId()): null

2021-06-15 20:57:29 - [TEST_STEP][PASSED] - println("Test Case Status After Run :" + testCaseContext.getTestCaseStatus()): null

2021-06-15 20:57:29 - [TEST_STEP][PASSED] - if (testCaseStatus == "FAILED"): null]]></system-out>
         <system-err><![CDATA[]]></system-err>
      </testcase>
      <testcase name="Test Cases/Web Test Cases/CURA Healthcare Service/Appointment/Create Appointment" time="4.027" classname="Test Cases/Web Test Cases/CURA Healthcare Service/Appointment/Create Appointment" status="PASSED">
         <system-out><![CDATA[2021-06-15 20:57:29 - [TEST_CASE][PASSED] - Test Cases/Web Test Cases/CURA Healthcare Service/Appointment/Create Appointment: Test Cases/Web Test Cases/CURA Healthcare Service/Appointment/Create Appointment

2021-06-15 20:57:29 - [TEST_STEP][PASSED] - Start listener action : sampleBeforeTestCase: null

2021-06-15 20:57:29 - [TEST_STEP][PASSED] - println(testCaseContext.getTestCaseId()): null

2021-06-15 20:57:29 - [TEST_STEP][PASSED] - println(testCaseContext.getTestCaseVariables()): null

2021-06-15 20:57:29 - [TEST_STEP][PASSED] - println("Test Case Status Before Run : " + TESTCASE_STATUS): null

2021-06-15 20:57:30 - [TEST_STEP][PASSED] - selectOptionByValue(findTestObject("Web Object Repository/CURA Healthcare Service/Appointment Page/facility"), Facility, false): All options with value 'Hongkong CURA Healthcare Center' are selected in object 'Object Repository/Web Object Repository/CURA Healthcare Service/Appointment Page/facility' 

2021-06-15 20:57:31 - [MESSAGE][PASSED] - All options with value 'Hongkong CURA Healthcare Center' are selected in object 'Object Repository/Web Object Repository/CURA Healthcare Service/Appointment Page/facility' 

2021-06-15 20:57:31 - [TEST_STEP][PASSED] - click(findTestObject("Web Object Repository/CURA Healthcare Service/Appointment Page/Apply for hospital readmission_hospital_readmission")): Object: 'Object Repository/Web Object Repository/CURA Healthcare Service/Appointment Page/Apply for hospital readmission_hospital_readmission' is clicked on

2021-06-15 20:57:31 - [MESSAGE][PASSED] - Object: 'Object Repository/Web Object Repository/CURA Healthcare Service/Appointment Page/Apply for hospital readmission_hospital_readmission' is clicked on

2021-06-15 20:57:31 - [TEST_STEP][PASSED] - sendKeys(findTestObject("Web Object Repository/CURA Healthcare Service/Appointment Page/Visit Date (Required)"), VisitDate): Keys '19/05/2021' sent to object: 'Object Repository/Web Object Repository/CURA Healthcare Service/Appointment Page/Visit Date (Required)'

2021-06-15 20:57:32 - [MESSAGE][PASSED] - Keys '19/05/2021' sent to object: 'Object Repository/Web Object Repository/CURA Healthcare Service/Appointment Page/Visit Date (Required)'

2021-06-15 20:57:32 - [TEST_STEP][PASSED] - sendKeys(findTestObject("Web Object Repository/CURA Healthcare Service/Appointment Page/Comment_comment"), Comment): Keys 'This Test Case Make an Appointment.' sent to object: 'Object Repository/Web Object Repository/CURA Healthcare Service/Appointment Page/Comment_comment'

2021-06-15 20:57:32 - [MESSAGE][PASSED] - Keys 'This Test Case Make an Appointment.' sent to object: 'Object Repository/Web Object Repository/CURA Healthcare Service/Appointment Page/Comment_comment'

2021-06-15 20:57:32 - [TEST_STEP][PASSED] - click(findTestObject("Web Object Repository/CURA Healthcare Service/Appointment Page/Book Appointment")): Object: 'Object Repository/Web Object Repository/CURA Healthcare Service/Appointment Page/Book Appointment' is clicked on

2021-06-15 20:57:33 - [MESSAGE][PASSED] - Object: 'Object Repository/Web Object Repository/CURA Healthcare Service/Appointment Page/Book Appointment' is clicked on

2021-06-15 20:57:33 - [TEST_STEP][PASSED] - verifyElementVisible(findTestObject("Web Object Repository/CURA Healthcare Service/Confirmation Page/Appointment Confirmation")): Object 'Object Repository/Web Object Repository/CURA Healthcare Service/Confirmation Page/Appointment Confirmation' is visible

2021-06-15 20:57:33 - [MESSAGE][PASSED] - Object 'Object Repository/Web Object Repository/CURA Healthcare Service/Confirmation Page/Appointment Confirmation' is visible

2021-06-15 20:57:33 - [TEST_STEP][PASSED] - Start listener action : sampleAfterTestCase: null

2021-06-15 20:57:33 - [TEST_STEP][PASSED] - println(testCaseContext.getTestCaseId()): null

2021-06-15 20:57:33 - [TEST_STEP][PASSED] - println("Test Case Status After Run :" + testCaseContext.getTestCaseStatus()): null

2021-06-15 20:57:33 - [TEST_STEP][PASSED] - if (testCaseStatus == "FAILED"): null]]></system-out>
         <system-err><![CDATA[]]></system-err>
      </testcase>
      <testcase name="Test Cases/Web Test Cases/CURA Healthcare Service/Appointment/LogOut Application" time="1.676" classname="Test Cases/Web Test Cases/CURA Healthcare Service/Appointment/LogOut Application" status="PASSED">
         <system-out><![CDATA[2021-06-15 20:57:33 - [TEST_CASE][PASSED] - Test Cases/Web Test Cases/CURA Healthcare Service/Appointment/LogOut Application: Test Cases/Web Test Cases/CURA Healthcare Service/Appointment/LogOut Application

2021-06-15 20:57:33 - [TEST_STEP][PASSED] - Start listener action : sampleBeforeTestCase: null

2021-06-15 20:57:33 - [TEST_STEP][PASSED] - println(testCaseContext.getTestCaseId()): null

2021-06-15 20:57:33 - [TEST_STEP][PASSED] - println(testCaseContext.getTestCaseVariables()): null

2021-06-15 20:57:33 - [TEST_STEP][PASSED] - println("Test Case Status Before Run : " + TESTCASE_STATUS): null

2021-06-15 20:57:34 - [TEST_STEP][PASSED] - click(findTestObject("Web Object Repository/CURA Healthcare Service/Home Page/menu-toggle")): Object: 'Object Repository/Web Object Repository/CURA Healthcare Service/Home Page/menu-toggle' is clicked on

2021-06-15 20:57:34 - [MESSAGE][PASSED] - Object: 'Object Repository/Web Object Repository/CURA Healthcare Service/Home Page/menu-toggle' is clicked on

2021-06-15 20:57:34 - [TEST_STEP][PASSED] - click(findTestObject("Web Object Repository/CURA Healthcare Service/Home Page/Logout")): Object: 'Object Repository/Web Object Repository/CURA Healthcare Service/Home Page/Logout' is clicked on

2021-06-15 20:57:35 - [MESSAGE][PASSED] - Object: 'Object Repository/Web Object Repository/CURA Healthcare Service/Home Page/Logout' is clicked on

2021-06-15 20:57:35 - [TEST_STEP][PASSED] - verifyElementVisible(findTestObject("Web Object Repository/CURA Healthcare Service/Home Page/Make Appointment")): Object 'Object Repository/Web Object Repository/CURA Healthcare Service/Home Page/Make Appointment' is visible

2021-06-15 20:57:35 - [MESSAGE][PASSED] - Object 'Object Repository/Web Object Repository/CURA Healthcare Service/Home Page/Make Appointment' is visible

2021-06-15 20:57:35 - [TEST_STEP][PASSED] - closeBrowser(): Browser is closed

2021-06-15 20:57:35 - [MESSAGE][PASSED] - Browser is closed

2021-06-15 20:57:35 - [TEST_STEP][PASSED] - Start listener action : sampleAfterTestCase: null

2021-06-15 20:57:35 - [TEST_STEP][PASSED] - println(testCaseContext.getTestCaseId()): null

2021-06-15 20:57:35 - [TEST_STEP][PASSED] - println("Test Case Status After Run :" + testCaseContext.getTestCaseStatus()): null

2021-06-15 20:57:35 - [TEST_STEP][PASSED] - if (testCaseStatus == "FAILED"): null]]></system-out>
         <system-err><![CDATA[]]></system-err>
      </testcase>
      <system-out><![CDATA[2021-06-15 20:57:10 - [TEST_SUITE][PASSED] - Making Appointment TestSuite: Test Cases/Web Test Cases/CURA Healthcare Service/Appointment/LogOut Application]]></system-out>
      <system-err><![CDATA[]]></system-err>
   </testsuite>
</testsuites>
